example/PostTokenisedCrediCard/payeezyclientsample/build/outputs/logs/manifest-merger-debug-report.txt
-- Merging decision tree log ---
manifest
ADDED from AndroidManifest.xml:2:1
	xmlns:android
		ADDED from AndroidManifest.xml:2:11
	package
		ADDED from AndroidManifest.xml:3:5
	android:versionName
		ADDED from AndroidManifest.xml:5:5
	android:versionCode
		ADDED from AndroidManifest.xml:4:5
		INJECTED from AndroidManifest.xml:0:0
		INJECTED from AndroidManifest.xml:0:0
uses-sdk
ADDED from AndroidManifest.xml:7:5
	android:targetSdkVersion
		ADDED from AndroidManifest.xml:9:9
	android:minSdkVersion
		ADDED from AndroidManifest.xml:8:9
uses-permission#android.permission.READ_PHONE_STATE
ADDED from AndroidManifest.xml:11:5
	android:name
		ADDED from AndroidManifest.xml:11:22
uses-permission#android.permission.INTERNET
ADDED from AndroidManifest.xml:12:5
	android:name
		ADDED from AndroidManifest.xml:12:22
uses-permission#android.permission.WRITE_EXTERNAL_STORAGE
ADDED from AndroidManifest.xml:14:5
	android:name
		ADDED from AndroidManifest.xml:14:22
uses-permission#android.permission.READ_EXTERNAL_STORAGE
ADDED from AndroidManifest.xml:15:5
	android:name
		ADDED from AndroidManifest.xml:15:22
uses-permission#android.permission.ACCESS_COARSE_LOCATION
ADDED from AndroidManifest.xml:16:5
	android:name
		ADDED from AndroidManifest.xml:16:22
uses-permission#android.permission.ACCESS_FINE_LOCATION
ADDED from AndroidManifest.xml:17:5
	android:name
		ADDED from AndroidManifest.xml:17:22
uses-permission#android.permission.ACCESS_LOCATION_EXTRA_COMMANDS
ADDED from AndroidManifest.xml:18:5
	android:name
		ADDED from AndroidManifest.xml:18:22
uses-permission#android.permission.ACCESS_NETWORK_STATE
ADDED from AndroidManifest.xml:20:5
	android:name
		ADDED from AndroidManifest.xml:20:22
uses-permission#android.permission.ACCESS_WIFI_STATE
ADDED from AndroidManifest.xml:22:5
	android:name
		ADDED from AndroidManifest.xml:22:22
uses-permission#android.permission.AUTHENTICATE_ACCOUNTS
ADDED from AndroidManifest.xml:23:5
	android:name
		ADDED from AndroidManifest.xml:23:22
uses-permission#android.permission.CHANGE_CONFIGURATION
ADDED from AndroidManifest.xml:24:5
	android:name
		ADDED from AndroidManifest.xml:24:22
uses-permission#android.permission.CHANGE_NETWORK_STATE
ADDED from AndroidManifest.xml:25:5
	android:name
		ADDED from AndroidManifest.xml:25:22
uses-permission#android.permission.CHANGE_WIFI_STATE
ADDED from AndroidManifest.xml:26:5
	android:name
		ADDED from AndroidManifest.xml:26:22
uses-permission#android.permission.CHANGE_WIFI_MULTICAST_STATE
ADDED from AndroidManifest.xml:27:5
	android:name
		ADDED from AndroidManifest.xml:27:22
uses-permission#android.permission.BATTERY_STATS
ADDED from AndroidManifest.xml:51:5
	android:name
		ADDED from AndroidManifest.xml:51:22
uses-permission#android.permission.BLUETOOTH
ADDED from AndroidManifest.xml:52:5
	android:name
		ADDED from AndroidManifest.xml:52:22
uses-permission#android.permission.BLUETOOTH_ADMIN
ADDED from AndroidManifest.xml:53:5
	android:name
		ADDED from AndroidManifest.xml:53:22
uses-permission#android.permission.BROADCAST_STICKY
ADDED from AndroidManifest.xml:54:5
	android:name
		ADDED from AndroidManifest.xml:54:22
uses-permission#android.permission.CALL_PHONE
ADDED from AndroidManifest.xml:55:5
	android:name
		ADDED from AndroidManifest.xml:55:22
uses-permission#android.permission.CAMERA
ADDED from AndroidManifest.xml:56:5
	android:name
		ADDED from AndroidManifest.xml:56:22
uses-permission#android.permission.CLEAR_APP_CACHE
ADDED from AndroidManifest.xml:61:5
	android:name
		ADDED from AndroidManifest.xml:61:22
uses-permission#android.permission.EXPAND_STATUS_BAR
ADDED from AndroidManifest.xml:73:5
	android:name
		ADDED from AndroidManifest.xml:73:22
uses-permission#android.permission.DISABLE_KEYGUARD
ADDED from AndroidManifest.xml:74:5
	android:name
		ADDED from AndroidManifest.xml:74:22
uses-permission#android.permission.FLASHLIGHT
ADDED from AndroidManifest.xml:75:5
	android:name
		ADDED from AndroidManifest.xml:75:22
uses-permission#android.permission.GET_ACCOUNTS
ADDED from AndroidManifest.xml:76:5
	android:name
		ADDED from AndroidManifest.xml:76:22
uses-permission#android.permission.GET_PACKAGE_SIZE
ADDED from AndroidManifest.xml:77:5
	android:name
		ADDED from AndroidManifest.xml:77:22
uses-permission#android.permission.GET_TASKS
ADDED from AndroidManifest.xml:78:5
	android:name
		ADDED from AndroidManifest.xml:78:22
uses-permission#android.permission.KILL_BACKGROUND_PROCESSES
ADDED from AndroidManifest.xml:88:5
	android:name
		ADDED from AndroidManifest.xml:88:22
uses-permission#android.permission.MANAGE_ACCOUNTS
ADDED from AndroidManifest.xml:89:5
	android:name
		ADDED from AndroidManifest.xml:89:22
uses-permission#android.permission.MODIFY_AUDIO_SETTINGS
ADDED from AndroidManifest.xml:94:5
	android:name
		ADDED from AndroidManifest.xml:94:22
uses-permission#android.permission.MOUNT_FORMAT_FILESYSTEMS
ADDED from AndroidManifest.xml:96:5
	android:name
		ADDED from AndroidManifest.xml:96:22
uses-permission#android.permission.MOUNT_UNMOUNT_FILESYSTEMS
ADDED from AndroidManifest.xml:97:5
	android:name
		ADDED from AndroidManifest.xml:97:22
uses-permission#android.permission.NFC
ADDED from AndroidManifest.xml:98:5
	android:name
		ADDED from AndroidManifest.xml:98:22
uses-permission#android.permission.PROCESS_OUTGOING_CALLS
ADDED from AndroidManifest.xml:99:5
	android:name
		ADDED from AndroidManifest.xml:99:22
uses-permission#android.permission.READ_CALENDAR
ADDED from AndroidManifest.xml:100:5
	android:name
		ADDED from AndroidManifest.xml:100:22
uses-permission#android.permission.READ_CONTACTS
ADDED from AndroidManifest.xml:101:5
	android:name
		ADDED from AndroidManifest.xml:101:22
uses-permission#android.permission.READ_HISTORY_BOOKMARKS
ADDED from AndroidManifest.xml:104:5
	android:name
		ADDED from AndroidManifest.xml:104:22
uses-permission#android.permission.READ_LOGS
ADDED from AndroidManifest.xml:106:5
	android:name
		ADDED from AndroidManifest.xml:106:22
uses-permission#android.permission.READ_SMS
ADDED from AndroidManifest.xml:108:5
	android:name
		ADDED from AndroidManifest.xml:108:22
uses-permission#android.permission.READ_SYNC_SETTINGS
ADDED from AndroidManifest.xml:109:5
	android:name
		ADDED from AndroidManifest.xml:109:22
uses-permission#android.permission.READ_SYNC_STATS
ADDED from AndroidManifest.xml:110:5
	android:name
		ADDED from AndroidManifest.xml:110:22
uses-permission#android.permission.RECEIVE_BOOT_COMPLETED
ADDED from AndroidManifest.xml:112:5
	android:name
		ADDED from AndroidManifest.xml:112:22
uses-permission#android.permission.RECEIVE_MMS
ADDED from AndroidManifest.xml:113:5
	android:name
		ADDED from AndroidManifest.xml:113:22
uses-permission#android.permission.RECEIVE_SMS
ADDED from AndroidManifest.xml:114:5
	android:name
		ADDED from AndroidManifest.xml:114:22
uses-permission#android.permission.RECEIVE_WAP_PUSH
ADDED from AndroidManifest.xml:115:5
	android:name
		ADDED from AndroidManifest.xml:115:22
uses-permission#android.permission.RECORD_AUDIO
ADDED from AndroidManifest.xml:116:5
	android:name
		ADDED from AndroidManifest.xml:116:22
uses-permission#android.permission.REORDER_TASKS
ADDED from AndroidManifest.xml:117:5
	android:name
		ADDED from AndroidManifest.xml:117:22
uses-permission#android.permission.RESTART_PACKAGES
ADDED from AndroidManifest.xml:118:5
	android:name
		ADDED from AndroidManifest.xml:118:22
uses-permission#android.permission.SEND_SMS
ADDED from AndroidManifest.xml:119:5
	android:name
		ADDED from AndroidManifest.xml:119:22
uses-permission#android.permission.SET_ALARM
ADDED from AndroidManifest.xml:121:5
	android:name
		ADDED from AndroidManifest.xml:121:22
uses-permission#android.permission.SET_ALWAYS_FINISH
ADDED from AndroidManifest.xml:122:5
	android:name
		ADDED from AndroidManifest.xml:122:22
uses-permission#android.permission.SET_ANIMATION_SCALE
ADDED from AndroidManifest.xml:123:5
	android:name
		ADDED from AndroidManifest.xml:123:22
uses-permission#android.permission.SET_DEBUG_APP
ADDED from AndroidManifest.xml:124:5
	android:name
		ADDED from AndroidManifest.xml:124:22
uses-permission#android.permission.SET_PROCESS_LIMIT
ADDED from AndroidManifest.xml:127:5
	android:name
		ADDED from AndroidManifest.xml:127:22
uses-permission#android.permission.SET_TIME_ZONE
ADDED from AndroidManifest.xml:129:5
	android:name
		ADDED from AndroidManifest.xml:129:22
uses-permission#android.permission.SET_WALLPAPER
ADDED from AndroidManifest.xml:130:5
	android:name
		ADDED from AndroidManifest.xml:130:22
uses-permission#android.permission.SET_WALLPAPER_HINTS
ADDED from AndroidManifest.xml:131:5
	android:name
		ADDED from AndroidManifest.xml:131:22
uses-permission#android.permission.SIGNAL_PERSISTENT_PROCESSES
ADDED from AndroidManifest.xml:132:5
	android:name
		ADDED from AndroidManifest.xml:132:22
uses-permission#android.permission.SUBSCRIBED_FEEDS_READ
ADDED from AndroidManifest.xml:134:5
	android:name
		ADDED from AndroidManifest.xml:134:22
uses-permission#android.permission.SUBSCRIBED_FEEDS_WRITE
ADDED from AndroidManifest.xml:135:5
	android:name
		ADDED from AndroidManifest.xml:135:22
uses-permission#android.permission.SYSTEM_ALERT_WINDOW
ADDED from AndroidManifest.xml:136:5
	android:name
		ADDED from AndroidManifest.xml:136:22
uses-permission#android.permission.USE_CREDENTIALS
ADDED from AndroidManifest.xml:138:5
	android:name
		ADDED from AndroidManifest.xml:138:22
uses-permission#android.permission.USE_SIP
ADDED from AndroidManifest.xml:139:5
	android:name
		ADDED from AndroidManifest.xml:139:22
uses-permission#android.permission.VIBRATE
ADDED from AndroidManifest.xml:140:5
	android:name
		ADDED from AndroidManifest.xml:140:22
uses-permission#android.permission.WAKE_LOCK
ADDED from AndroidManifest.xml:141:5
	android:name
		ADDED from AndroidManifest.xml:141:22
uses-permission#android.permission.WRITE_CALENDAR
ADDED from AndroidManifest.xml:143:5
	android:name
		ADDED from AndroidManifest.xml:143:22
uses-permission#android.permission.WRITE_CONTACTS
ADDED from AndroidManifest.xml:144:5
	android:name
		ADDED from AndroidManifest.xml:144:22
uses-permission#android.permission.WRITE_HISTORY_BOOKMARKS
ADDED from AndroidManifest.xml:147:5
	android:name
		ADDED from AndroidManifest.xml:147:22
uses-permission#android.permission.WRITE_SETTINGS
ADDED from AndroidManifest.xml:149:5
	android:name
		ADDED from AndroidManifest.xml:149:22
uses-permission#android.permission.WRITE_SMS
ADDED from AndroidManifest.xml:150:5
	android:name
		ADDED from AndroidManifest.xml:150:22
uses-permission#android.permission.WRITE_SYNC_SETTINGS
ADDED from AndroidManifest.xml:151:5
	android:name
		ADDED from AndroidManifest.xml:151:22
uses-permission#android.permission.BIND_ACCESSIBILITY_SERVICE
ADDED from AndroidManifest.xml:152:5
	android:name
		ADDED from AndroidManifest.xml:152:22
uses-permission#android.permission.PERSISTENT_ACTIVITY
ADDED from AndroidManifest.xml:155:5
	android:name
		ADDED from AndroidManifest.xml:155:22
uses-permission#android.permission.READ_CALL_LOG
ADDED from AndroidManifest.xml:156:5
	android:name
		ADDED from AndroidManifest.xml:156:22
uses-permission#com.android.browser.permission.READ_HISTORY_BOOKMARKS
ADDED from AndroidManifest.xml:158:5
	android:name
		ADDED from AndroidManifest.xml:158:22
uses-permission#android.permission.READ_PROFILE
ADDED from AndroidManifest.xml:159:5
	android:name
		ADDED from AndroidManifest.xml:159:22
uses-permission#android.permission.READ_SOCIAL_STREAM
ADDED from AndroidManifest.xml:160:5
	android:name
		ADDED from AndroidManifest.xml:160:22
uses-permission#android.permission.READ_USER_DICTIONARY
ADDED from AndroidManifest.xml:161:5
	android:name
		ADDED from AndroidManifest.xml:161:22
uses-permission#com.android.alarm.permission.SET_ALARM
ADDED from AndroidManifest.xml:162:5
	android:name
		ADDED from AndroidManifest.xml:162:22
uses-permission#android.permission.WRITE_CALL_LOG
ADDED from AndroidManifest.xml:164:5
	android:name
		ADDED from AndroidManifest.xml:164:22
uses-permission#com.android.browser.permission.WRITE_HISTORY_BOOKMARKS
ADDED from AndroidManifest.xml:165:5
	android:name
		ADDED from AndroidManifest.xml:165:22
uses-permission#android.permission.WRITE_PROFILE
ADDED from AndroidManifest.xml:166:5
	android:name
		ADDED from AndroidManifest.xml:166:22
uses-permission#android.permission.WRITE_SOCIAL_STREAM
ADDED from AndroidManifest.xml:167:5
	android:name
		ADDED from AndroidManifest.xml:167:22
uses-permission#android.permission.WRITE_USER_DICTIONARY
ADDED from AndroidManifest.xml:168:5
	android:name
		ADDED from AndroidManifest.xml:168:22
uses-feature#android.hardware.wifi.direct
ADDED from AndroidManifest.xml:171:5
	android:required
		ADDED from AndroidManifest.xml:173:9
	android:name
		ADDED from AndroidManifest.xml:172:9
application
ADDED from AndroidManifest.xml:175:5
	android:label
		ADDED from AndroidManifest.xml:179:6
	android:allowBackup
		ADDED from AndroidManifest.xml:176:9
	android:icon
		ADDED from AndroidManifest.xml:177:9
	android:theme
		ADDED from AndroidManifest.xml:180:6
activity#com.example.payeezyclient.MainActivity
ADDED from AndroidManifest.xml:183:5
	android:label
		ADDED from AndroidManifest.xml:185:9
	android:name
		ADDED from AndroidManifest.xml:184:9
intent-filter#android.intent.action.MAIN+android.intent.category.LAUNCHER
ADDED from AndroidManifest.xml:186:9
action#android.intent.action.MAIN
ADDED from AndroidManifest.xml:187:13
	android:name
		ADDED from AndroidManifest.xml:187:21
category#android.intent.category.LAUNCHER
ADDED from AndroidManifest.xml:189:13
	android:name
		ADDED from AndroidManifest.xml:189:23
activity#com.example.payeezyclient.NavMainActivity
ADDED from AndroidManifest.xml:192:5
	android:label
		ADDED from AndroidManifest.xml:194:9
	android:name
		ADDED from AndroidManifest.xml:193:9